2024-06-30 11:26:02,718:WARNING:C:\Users\ramsi\AppData\Local\Programs\Python\Python311\Lib\site-packages\transformers\tokenization_utils_base.py:2699: FutureWarning: The `pad_to_max_length` argument is deprecated and will be removed in a future version, use `padding=True` or `padding='longest'` to pad to the longest sequence in the batch, or use `padding='max_length'` to pad to a max length. In this case, you can give a specific length with `max_length` (e.g. `max_length=45`) or leave max_length to None to pad to the maximal input size of the model (e.g. 512 for Bert).
  warnings.warn(

2024-06-30 11:27:10,249:WARNING:C:\Users\ramsi\AppData\Local\Programs\Python\Python311\Lib\site-packages\transformers\tokenization_utils_base.py:2699: FutureWarning: The `pad_to_max_length` argument is deprecated and will be removed in a future version, use `padding=True` or `padding='longest'` to pad to the longest sequence in the batch, or use `padding='max_length'` to pad to a max length. In this case, you can give a specific length with `max_length` (e.g. `max_length=45`) or leave max_length to None to pad to the maximal input size of the model (e.g. 512 for Bert).
  warnings.warn(

2024-06-30 11:29:40,099:WARNING:C:\Users\ramsi\AppData\Local\Programs\Python\Python311\Lib\site-packages\transformers\tokenization_utils_base.py:2699: FutureWarning: The `pad_to_max_length` argument is deprecated and will be removed in a future version, use `padding=True` or `padding='longest'` to pad to the longest sequence in the batch, or use `padding='max_length'` to pad to a max length. In this case, you can give a specific length with `max_length` (e.g. `max_length=45`) or leave max_length to None to pad to the maximal input size of the model (e.g. 512 for Bert).
  warnings.warn(

2024-06-30 11:40:57,438:WARNING:C:\Users\ramsi\AppData\Local\Programs\Python\Python311\Lib\site-packages\transformers\tokenization_utils_base.py:2699: FutureWarning: The `pad_to_max_length` argument is deprecated and will be removed in a future version, use `padding=True` or `padding='longest'` to pad to the longest sequence in the batch, or use `padding='max_length'` to pad to a max length. In this case, you can give a specific length with `max_length` (e.g. `max_length=45`) or leave max_length to None to pad to the maximal input size of the model (e.g. 512 for Bert).
  warnings.warn(

2024-06-30 11:44:38,246:WARNING:C:\Users\ramsi\AppData\Local\Programs\Python\Python311\Lib\site-packages\transformers\tokenization_utils_base.py:2699: FutureWarning: The `pad_to_max_length` argument is deprecated and will be removed in a future version, use `padding=True` or `padding='longest'` to pad to the longest sequence in the batch, or use `padding='max_length'` to pad to a max length. In this case, you can give a specific length with `max_length` (e.g. `max_length=45`) or leave max_length to None to pad to the maximal input size of the model (e.g. 512 for Bert).
  warnings.warn(

2024-06-30 11:53:01,387:WARNING:C:\Users\ramsi\AppData\Local\Programs\Python\Python311\Lib\site-packages\transformers\tokenization_utils_base.py:2699: FutureWarning: The `pad_to_max_length` argument is deprecated and will be removed in a future version, use `padding=True` or `padding='longest'` to pad to the longest sequence in the batch, or use `padding='max_length'` to pad to a max length. In this case, you can give a specific length with `max_length` (e.g. `max_length=45`) or leave max_length to None to pad to the maximal input size of the model (e.g. 512 for Bert).
  warnings.warn(

2024-07-02 20:23:24,839:WARNING:C:\Users\ramsi\AppData\Local\Programs\Python\Python311\Lib\site-packages\transformers\tokenization_utils_base.py:2699: FutureWarning: The `pad_to_max_length` argument is deprecated and will be removed in a future version, use `padding=True` or `padding='longest'` to pad to the longest sequence in the batch, or use `padding='max_length'` to pad to a max length. In this case, you can give a specific length with `max_length` (e.g. `max_length=45`) or leave max_length to None to pad to the maximal input size of the model (e.g. 512 for Bert).
  warnings.warn(

2024-07-02 20:24:17,456:WARNING:C:\Users\ramsi\AppData\Local\Programs\Python\Python311\Lib\site-packages\transformers\tokenization_utils_base.py:2699: FutureWarning: The `pad_to_max_length` argument is deprecated and will be removed in a future version, use `padding=True` or `padding='longest'` to pad to the longest sequence in the batch, or use `padding='max_length'` to pad to a max length. In this case, you can give a specific length with `max_length` (e.g. `max_length=45`) or leave max_length to None to pad to the maximal input size of the model (e.g. 512 for Bert).
  warnings.warn(

2024-07-02 20:25:08,596:WARNING:C:\Users\ramsi\AppData\Local\Programs\Python\Python311\Lib\site-packages\transformers\tokenization_utils_base.py:2699: FutureWarning: The `pad_to_max_length` argument is deprecated and will be removed in a future version, use `padding=True` or `padding='longest'` to pad to the longest sequence in the batch, or use `padding='max_length'` to pad to a max length. In this case, you can give a specific length with `max_length` (e.g. `max_length=45`) or leave max_length to None to pad to the maximal input size of the model (e.g. 512 for Bert).
  warnings.warn(

2024-07-02 20:27:38,533:WARNING:C:\Users\ramsi\AppData\Local\Programs\Python\Python311\Lib\site-packages\transformers\tokenization_utils_base.py:2699: FutureWarning: The `pad_to_max_length` argument is deprecated and will be removed in a future version, use `padding=True` or `padding='longest'` to pad to the longest sequence in the batch, or use `padding='max_length'` to pad to a max length. In this case, you can give a specific length with `max_length` (e.g. `max_length=45`) or leave max_length to None to pad to the maximal input size of the model (e.g. 512 for Bert).
  warnings.warn(

2024-07-02 22:54:45,579:WARNING:C:\Users\ramsi\AppData\Local\Programs\Python\Python311\Lib\site-packages\transformers\tokenization_utils_base.py:2699: FutureWarning: The `pad_to_max_length` argument is deprecated and will be removed in a future version, use `padding=True` or `padding='longest'` to pad to the longest sequence in the batch, or use `padding='max_length'` to pad to a max length. In this case, you can give a specific length with `max_length` (e.g. `max_length=45`) or leave max_length to None to pad to the maximal input size of the model (e.g. 512 for Bert).
  warnings.warn(

2024-07-03 22:02:38,559:WARNING:C:\Users\ramsi\AppData\Local\Programs\Python\Python311\Lib\site-packages\transformers\tokenization_utils_base.py:2699: FutureWarning: The `pad_to_max_length` argument is deprecated and will be removed in a future version, use `padding=True` or `padding='longest'` to pad to the longest sequence in the batch, or use `padding='max_length'` to pad to a max length. In this case, you can give a specific length with `max_length` (e.g. `max_length=45`) or leave max_length to None to pad to the maximal input size of the model (e.g. 512 for Bert).
  warnings.warn(

2024-07-03 22:12:08,073:WARNING:C:\Users\ramsi\AppData\Local\Programs\Python\Python311\Lib\site-packages\transformers\tokenization_utils_base.py:2699: FutureWarning: The `pad_to_max_length` argument is deprecated and will be removed in a future version, use `padding=True` or `padding='longest'` to pad to the longest sequence in the batch, or use `padding='max_length'` to pad to a max length. In this case, you can give a specific length with `max_length` (e.g. `max_length=45`) or leave max_length to None to pad to the maximal input size of the model (e.g. 512 for Bert).
  warnings.warn(

2024-07-03 23:54:40,158:WARNING:C:\Users\ramsi\AppData\Local\Programs\Python\Python311\Lib\site-packages\transformers\tokenization_utils_base.py:2699: FutureWarning: The `pad_to_max_length` argument is deprecated and will be removed in a future version, use `padding=True` or `padding='longest'` to pad to the longest sequence in the batch, or use `padding='max_length'` to pad to a max length. In this case, you can give a specific length with `max_length` (e.g. `max_length=45`) or leave max_length to None to pad to the maximal input size of the model (e.g. 512 for Bert).
  warnings.warn(

2024-07-03 23:56:54,750:WARNING:C:\Users\ramsi\AppData\Local\Programs\Python\Python311\Lib\site-packages\transformers\tokenization_utils_base.py:2699: FutureWarning: The `pad_to_max_length` argument is deprecated and will be removed in a future version, use `padding=True` or `padding='longest'` to pad to the longest sequence in the batch, or use `padding='max_length'` to pad to a max length. In this case, you can give a specific length with `max_length` (e.g. `max_length=45`) or leave max_length to None to pad to the maximal input size of the model (e.g. 512 for Bert).
  warnings.warn(

2024-07-04 00:16:50,437:WARNING:C:\Users\ramsi\AppData\Local\Programs\Python\Python311\Lib\site-packages\transformers\tokenization_utils_base.py:2699: FutureWarning: The `pad_to_max_length` argument is deprecated and will be removed in a future version, use `padding=True` or `padding='longest'` to pad to the longest sequence in the batch, or use `padding='max_length'` to pad to a max length. In this case, you can give a specific length with `max_length` (e.g. `max_length=45`) or leave max_length to None to pad to the maximal input size of the model (e.g. 512 for Bert).
  warnings.warn(

2024-07-04 00:57:14,292:WARNING:C:\Users\ramsi\AppData\Local\Programs\Python\Python311\Lib\site-packages\transformers\tokenization_utils_base.py:2699: FutureWarning: The `pad_to_max_length` argument is deprecated and will be removed in a future version, use `padding=True` or `padding='longest'` to pad to the longest sequence in the batch, or use `padding='max_length'` to pad to a max length. In this case, you can give a specific length with `max_length` (e.g. `max_length=45`) or leave max_length to None to pad to the maximal input size of the model (e.g. 512 for Bert).
  warnings.warn(

2024-07-04 14:37:18,798:WARNING:C:\Users\ramsi\AppData\Local\Programs\Python\Python311\Lib\site-packages\transformers\tokenization_utils_base.py:2699: FutureWarning: The `pad_to_max_length` argument is deprecated and will be removed in a future version, use `padding=True` or `padding='longest'` to pad to the longest sequence in the batch, or use `padding='max_length'` to pad to a max length. In this case, you can give a specific length with `max_length` (e.g. `max_length=45`) or leave max_length to None to pad to the maximal input size of the model (e.g. 512 for Bert).
  warnings.warn(

2024-07-07 07:16:06,080:WARNING:C:\Users\ramsi\AppData\Local\Programs\Python\Python311\Lib\site-packages\transformers\tokenization_utils_base.py:2699: FutureWarning: The `pad_to_max_length` argument is deprecated and will be removed in a future version, use `padding=True` or `padding='longest'` to pad to the longest sequence in the batch, or use `padding='max_length'` to pad to a max length. In this case, you can give a specific length with `max_length` (e.g. `max_length=45`) or leave max_length to None to pad to the maximal input size of the model (e.g. 512 for Bert).
  warnings.warn(

2024-07-31 09:34:59,965:WARNING:C:\Users\ramsi\AppData\Local\Programs\Python\Python311\Lib\site-packages\transformers\tokenization_utils_base.py:2699: FutureWarning: The `pad_to_max_length` argument is deprecated and will be removed in a future version, use `padding=True` or `padding='longest'` to pad to the longest sequence in the batch, or use `padding='max_length'` to pad to a max length. In this case, you can give a specific length with `max_length` (e.g. `max_length=45`) or leave max_length to None to pad to the maximal input size of the model (e.g. 512 for Bert).
  warnings.warn(

2024-07-31 09:40:09,970:WARNING:C:\Users\ramsi\AppData\Local\Programs\Python\Python311\Lib\site-packages\transformers\tokenization_utils_base.py:2699: FutureWarning: The `pad_to_max_length` argument is deprecated and will be removed in a future version, use `padding=True` or `padding='longest'` to pad to the longest sequence in the batch, or use `padding='max_length'` to pad to a max length. In this case, you can give a specific length with `max_length` (e.g. `max_length=45`) or leave max_length to None to pad to the maximal input size of the model (e.g. 512 for Bert).
  warnings.warn(

2024-08-13 09:04:10,335:WARNING:C:\Users\ramsi\AppData\Local\Programs\Python\Python311\Lib\site-packages\transformers\tokenization_utils_base.py:2699: FutureWarning: The `pad_to_max_length` argument is deprecated and will be removed in a future version, use `padding=True` or `padding='longest'` to pad to the longest sequence in the batch, or use `padding='max_length'` to pad to a max length. In this case, you can give a specific length with `max_length` (e.g. `max_length=45`) or leave max_length to None to pad to the maximal input size of the model (e.g. 512 for Bert).
  warnings.warn(

2024-08-17 13:14:48,188:WARNING:C:\Users\ramsi\AppData\Local\Programs\Python\Python311\Lib\site-packages\transformers\tokenization_utils_base.py:2699: FutureWarning: The `pad_to_max_length` argument is deprecated and will be removed in a future version, use `padding=True` or `padding='longest'` to pad to the longest sequence in the batch, or use `padding='max_length'` to pad to a max length. In this case, you can give a specific length with `max_length` (e.g. `max_length=45`) or leave max_length to None to pad to the maximal input size of the model (e.g. 512 for Bert).
  warnings.warn(

2024-08-17 13:40:28,779:WARNING:C:\Users\ramsi\AppData\Local\Programs\Python\Python311\Lib\site-packages\transformers\tokenization_utils_base.py:2699: FutureWarning: The `pad_to_max_length` argument is deprecated and will be removed in a future version, use `padding=True` or `padding='longest'` to pad to the longest sequence in the batch, or use `padding='max_length'` to pad to a max length. In this case, you can give a specific length with `max_length` (e.g. `max_length=45`) or leave max_length to None to pad to the maximal input size of the model (e.g. 512 for Bert).
  warnings.warn(

2024-08-17 14:02:22,875:WARNING:C:\Users\ramsi\AppData\Local\Programs\Python\Python311\Lib\site-packages\transformers\tokenization_utils_base.py:2699: FutureWarning: The `pad_to_max_length` argument is deprecated and will be removed in a future version, use `padding=True` or `padding='longest'` to pad to the longest sequence in the batch, or use `padding='max_length'` to pad to a max length. In this case, you can give a specific length with `max_length` (e.g. `max_length=45`) or leave max_length to None to pad to the maximal input size of the model (e.g. 512 for Bert).
  warnings.warn(

2024-08-17 14:39:26,104:WARNING:C:\Users\ramsi\AppData\Local\Programs\Python\Python311\Lib\site-packages\transformers\tokenization_utils_base.py:2699: FutureWarning: The `pad_to_max_length` argument is deprecated and will be removed in a future version, use `padding=True` or `padding='longest'` to pad to the longest sequence in the batch, or use `padding='max_length'` to pad to a max length. In this case, you can give a specific length with `max_length` (e.g. `max_length=45`) or leave max_length to None to pad to the maximal input size of the model (e.g. 512 for Bert).
  warnings.warn(

2024-08-17 15:12:43,744:WARNING:C:\Users\ramsi\AppData\Local\Programs\Python\Python311\Lib\site-packages\transformers\tokenization_utils_base.py:2699: FutureWarning: The `pad_to_max_length` argument is deprecated and will be removed in a future version, use `padding=True` or `padding='longest'` to pad to the longest sequence in the batch, or use `padding='max_length'` to pad to a max length. In this case, you can give a specific length with `max_length` (e.g. `max_length=45`) or leave max_length to None to pad to the maximal input size of the model (e.g. 512 for Bert).
  warnings.warn(

2024-08-17 15:31:37,463:WARNING:C:\Users\ramsi\AppData\Local\Programs\Python\Python311\Lib\site-packages\transformers\tokenization_utils_base.py:2699: FutureWarning: The `pad_to_max_length` argument is deprecated and will be removed in a future version, use `padding=True` or `padding='longest'` to pad to the longest sequence in the batch, or use `padding='max_length'` to pad to a max length. In this case, you can give a specific length with `max_length` (e.g. `max_length=45`) or leave max_length to None to pad to the maximal input size of the model (e.g. 512 for Bert).
  warnings.warn(

2024-08-17 15:39:19,726:WARNING:C:\Users\ramsi\AppData\Local\Programs\Python\Python311\Lib\site-packages\transformers\tokenization_utils_base.py:2699: FutureWarning: The `pad_to_max_length` argument is deprecated and will be removed in a future version, use `padding=True` or `padding='longest'` to pad to the longest sequence in the batch, or use `padding='max_length'` to pad to a max length. In this case, you can give a specific length with `max_length` (e.g. `max_length=45`) or leave max_length to None to pad to the maximal input size of the model (e.g. 512 for Bert).
  warnings.warn(

2024-08-17 15:45:43,988:WARNING:C:\Users\ramsi\AppData\Local\Programs\Python\Python311\Lib\site-packages\transformers\tokenization_utils_base.py:2699: FutureWarning: The `pad_to_max_length` argument is deprecated and will be removed in a future version, use `padding=True` or `padding='longest'` to pad to the longest sequence in the batch, or use `padding='max_length'` to pad to a max length. In this case, you can give a specific length with `max_length` (e.g. `max_length=45`) or leave max_length to None to pad to the maximal input size of the model (e.g. 512 for Bert).
  warnings.warn(

2024-08-17 15:54:45,929:WARNING:C:\Users\ramsi\AppData\Local\Programs\Python\Python311\Lib\site-packages\transformers\tokenization_utils_base.py:2699: FutureWarning: The `pad_to_max_length` argument is deprecated and will be removed in a future version, use `padding=True` or `padding='longest'` to pad to the longest sequence in the batch, or use `padding='max_length'` to pad to a max length. In this case, you can give a specific length with `max_length` (e.g. `max_length=45`) or leave max_length to None to pad to the maximal input size of the model (e.g. 512 for Bert).
  warnings.warn(

2024-08-17 15:58:00,007:WARNING:C:\Users\ramsi\AppData\Local\Programs\Python\Python311\Lib\site-packages\transformers\tokenization_utils_base.py:2699: FutureWarning: The `pad_to_max_length` argument is deprecated and will be removed in a future version, use `padding=True` or `padding='longest'` to pad to the longest sequence in the batch, or use `padding='max_length'` to pad to a max length. In this case, you can give a specific length with `max_length` (e.g. `max_length=45`) or leave max_length to None to pad to the maximal input size of the model (e.g. 512 for Bert).
  warnings.warn(

2024-08-18 10:57:16,479:WARNING:C:\Users\ramsi\AppData\Local\Programs\Python\Python311\Lib\site-packages\transformers\tokenization_utils_base.py:2699: FutureWarning: The `pad_to_max_length` argument is deprecated and will be removed in a future version, use `padding=True` or `padding='longest'` to pad to the longest sequence in the batch, or use `padding='max_length'` to pad to a max length. In this case, you can give a specific length with `max_length` (e.g. `max_length=45`) or leave max_length to None to pad to the maximal input size of the model (e.g. 512 for Bert).
  warnings.warn(

2024-08-18 11:22:36,053:WARNING:C:\Users\ramsi\AppData\Local\Programs\Python\Python311\Lib\site-packages\transformers\tokenization_utils_base.py:2699: FutureWarning: The `pad_to_max_length` argument is deprecated and will be removed in a future version, use `padding=True` or `padding='longest'` to pad to the longest sequence in the batch, or use `padding='max_length'` to pad to a max length. In this case, you can give a specific length with `max_length` (e.g. `max_length=45`) or leave max_length to None to pad to the maximal input size of the model (e.g. 512 for Bert).
  warnings.warn(

2024-08-18 11:23:29,360:WARNING:C:\Users\ramsi\AppData\Local\Programs\Python\Python311\Lib\site-packages\transformers\tokenization_utils_base.py:2699: FutureWarning: The `pad_to_max_length` argument is deprecated and will be removed in a future version, use `padding=True` or `padding='longest'` to pad to the longest sequence in the batch, or use `padding='max_length'` to pad to a max length. In this case, you can give a specific length with `max_length` (e.g. `max_length=45`) or leave max_length to None to pad to the maximal input size of the model (e.g. 512 for Bert).
  warnings.warn(

2024-08-23 00:17:15,038:WARNING:C:\Users\ramsi\AppData\Local\Programs\Python\Python311\Lib\site-packages\transformers\tokenization_utils_base.py:2699: FutureWarning: The `pad_to_max_length` argument is deprecated and will be removed in a future version, use `padding=True` or `padding='longest'` to pad to the longest sequence in the batch, or use `padding='max_length'` to pad to a max length. In this case, you can give a specific length with `max_length` (e.g. `max_length=45`) or leave max_length to None to pad to the maximal input size of the model (e.g. 512 for Bert).
  warnings.warn(

2024-08-26 17:31:42,547:WARNING:C:\Users\ramsi\AppData\Local\Programs\Python\Python311\Lib\site-packages\transformers\tokenization_utils_base.py:2699: FutureWarning: The `pad_to_max_length` argument is deprecated and will be removed in a future version, use `padding=True` or `padding='longest'` to pad to the longest sequence in the batch, or use `padding='max_length'` to pad to a max length. In this case, you can give a specific length with `max_length` (e.g. `max_length=45`) or leave max_length to None to pad to the maximal input size of the model (e.g. 512 for Bert).
  warnings.warn(

2024-08-26 17:34:44,420:WARNING:C:\Users\ramsi\AppData\Local\Programs\Python\Python311\Lib\site-packages\transformers\tokenization_utils_base.py:2699: FutureWarning: The `pad_to_max_length` argument is deprecated and will be removed in a future version, use `padding=True` or `padding='longest'` to pad to the longest sequence in the batch, or use `padding='max_length'` to pad to a max length. In this case, you can give a specific length with `max_length` (e.g. `max_length=45`) or leave max_length to None to pad to the maximal input size of the model (e.g. 512 for Bert).
  warnings.warn(

2024-08-27 22:50:40,725:WARNING:C:\Users\ramsi\AppData\Local\Programs\Python\Python311\Lib\site-packages\transformers\tokenization_utils_base.py:2699: FutureWarning: The `pad_to_max_length` argument is deprecated and will be removed in a future version, use `padding=True` or `padding='longest'` to pad to the longest sequence in the batch, or use `padding='max_length'` to pad to a max length. In this case, you can give a specific length with `max_length` (e.g. `max_length=45`) or leave max_length to None to pad to the maximal input size of the model (e.g. 512 for Bert).
  warnings.warn(

2024-08-27 23:44:42,188:WARNING:C:\Users\ramsi\AppData\Local\Programs\Python\Python311\Lib\site-packages\transformers\tokenization_utils_base.py:2699: FutureWarning: The `pad_to_max_length` argument is deprecated and will be removed in a future version, use `padding=True` or `padding='longest'` to pad to the longest sequence in the batch, or use `padding='max_length'` to pad to a max length. In this case, you can give a specific length with `max_length` (e.g. `max_length=45`) or leave max_length to None to pad to the maximal input size of the model (e.g. 512 for Bert).
  warnings.warn(

2024-08-27 23:46:50,326:WARNING:C:\Users\ramsi\AppData\Local\Programs\Python\Python311\Lib\site-packages\huggingface_hub\file_download.py:1132: FutureWarning: `resume_download` is deprecated and will be removed in version 1.0.0. Downloads always resume when possible. If you want to force a new download, use `force_download=True`.
  warnings.warn(

2024-08-28 22:04:34,109:WARNING:C:\Users\ramsi\AppData\Local\Programs\Python\Python311\Lib\site-packages\transformers\tokenization_utils_base.py:2699: FutureWarning: The `pad_to_max_length` argument is deprecated and will be removed in a future version, use `padding=True` or `padding='longest'` to pad to the longest sequence in the batch, or use `padding='max_length'` to pad to a max length. In this case, you can give a specific length with `max_length` (e.g. `max_length=45`) or leave max_length to None to pad to the maximal input size of the model (e.g. 512 for Bert).
  warnings.warn(

2024-08-28 22:05:29,087:WARNING:C:\Users\ramsi\AppData\Local\Programs\Python\Python311\Lib\site-packages\huggingface_hub\file_download.py:1132: FutureWarning: `resume_download` is deprecated and will be removed in version 1.0.0. Downloads always resume when possible. If you want to force a new download, use `force_download=True`.
  warnings.warn(

2024-08-28 22:05:31,220:WARNING:C:\Users\ramsi\AppData\Local\Programs\Python\Python311\Lib\site-packages\transformers\models\bert\modeling_bert.py:435: UserWarning: 1Torch was not compiled with flash attention. (Triggered internally at ..\aten\src\ATen\native\transformers\cuda\sdp_utils.cpp:455.)
  attn_output = torch.nn.functional.scaled_dot_product_attention(

